2015/09/09 19:17:48
Sphere TEST Version 0.99za [WIN32] by www.sphereserver.net
Compiled on Aug 19 2003 (11:55:20)

WARNING:(sphere.ini,56)LoadProps '#CLIENTVERSION'='1.26.01' error 'Unknown property.'
WARNING:(sphere.ini,57)LoadProps '#CLIENTVERSION'='2.0.0.0' error 'Unknown property.'
WARNING:(sphere.ini,58)LoadProps '#CLIENTVERSION'='3.0.6' error 'Unknown property.'
WARNING:(sphere.ini,59)LoadProps '#CLIENTVERSION'='3.0.8' error 'Unknown property.'
WARNING:(sphere.ini,60)LoadProps '#CLIENTVERSION'='4.0.0l' error 'Unknown property.'
2015/09/09 19:18:31
Sphere TEST Version 0.99za [WIN32] by www.sphereserver.net
Compiled on Aug 19 2003 (11:55:20)

WARNING:(sphere.ini,56)LoadProps '#CLIENTVERSION'='1.26.01' error 'Unknown property.'
WARNING:(sphere.ini,57)LoadProps '#CLIENTVERSION'='2.0.0.0' error 'Unknown property.'
WARNING:(sphere.ini,58)LoadProps '#CLIENTVERSION'='3.0.6' error 'Unknown property.'
WARNING:(sphere.ini,59)LoadProps '#CLIENTVERSION'='3.0.8' error 'Unknown property.'
WARNING:(sphere.ini,60)LoadProps '#CLIENTVERSION'='4.0.0l' error 'Unknown property.'
2015/09/09 19:19:25
Sphere TEST Version 0.99za [WIN32] by www.sphereserver.net
Compiled on Aug 19 2003 (11:55:20)

WARNING:(sphere.ini,56)LoadProps '#CLIENTVERSION'='1.26.01' error 'Unknown property.'
WARNING:(sphere.ini,57)LoadProps '#CLIENTVERSION'='2.0.0.0' error 'Unknown property.'
WARNING:(sphere.ini,58)LoadProps '#CLIENTVERSION'='3.0.6' error 'Unknown property.'
WARNING:(sphere.ini,59)LoadProps '#CLIENTVERSION'='3.0.8' error 'Unknown property.'
WARNING:(sphere.ini,60)LoadProps '#CLIENTVERSION'='4.0.0l' error 'Unknown property.'
2015/09/09 19:19:41
Sphere TEST Version 0.99za [WIN32] by www.sphereserver.net
Compiled on Aug 19 2003 (11:55:20)

WARNING:(sphere.ini,56)LoadProps '#CLIENTVERSION'='1.26.01' error 'Unknown property.'
WARNING:(sphere.ini,57)LoadProps '#CLIENTVERSION'='2.0.0.0' error 'Unknown property.'
WARNING:(sphere.ini,58)LoadProps '#CLIENTVERSION'='3.0.6' error 'Unknown property.'
WARNING:(sphere.ini,59)LoadProps '#CLIENTVERSION'='3.0.8' error 'Unknown property.'
WARNING:(sphere.ini,60)LoadProps '#CLIENTVERSION'='4.0.0l' error 'Unknown property.'
2015/09/09 19:19:49
Sphere TEST Version 0.99za [WIN32] by www.sphereserver.net
Compiled on Aug 19 2003 (11:55:20)

WARNING:(sphere.ini,56)LoadProps '#CLIENTVERSION'='1.26.01' error 'Unknown property.'
WARNING:(sphere.ini,57)LoadProps '#CLIENTVERSION'='2.0.0.0' error 'Unknown property.'
WARNING:(sphere.ini,58)LoadProps '#CLIENTVERSION'='3.0.6' error 'Unknown property.'
WARNING:(sphere.ini,59)LoadProps '#CLIENTVERSION'='3.0.8' error 'Unknown property.'
WARNING:(sphere.ini,60)LoadProps '#CLIENTVERSION'='4.0.0l' error 'Unknown property.'
2015/09/09 19:30:36
Sphere TEST Version 0.99za [WIN32] by www.sphereserver.net
Compiled on Aug 19 2003 (11:55:20)

WARNING:(sphere.ini,56)LoadProps '#CLIENTVERSION'='1.26.01' error 'Unknown property.'
WARNING:(sphere.ini,57)LoadProps '#CLIENTVERSION'='2.0.0.0' error 'Unknown property.'
WARNING:(sphere.ini,58)LoadProps '#CLIENTVERSION'='3.0.6' error 'Unknown property.'
WARNING:(sphere.ini,59)LoadProps '#CLIENTVERSION'='3.0.8' error 'Unknown property.'
WARNING:(sphere.ini,60)LoadProps '#CLIENTVERSION'='4.0.0l' error 'Unknown property.'
